<?xml version="1.0" encoding="UTF-8"?>
<!-- Generated by org.testng.reporters.JUnitXMLReporter -->
<testsuite hostname="DESKTOP-3QRK3MA" ignored="0" name="Default test" tests="3" failures="0" timestamp="21 ene 2020 18:58:17 GMT" time="29.163" errors="0">
  <testcase name="Practica3" time="10.525" classname="diaUno.practice"/>
  <testcase name="Practica2" time="1.308" classname="diaUno.practice"/>
  <testcase name="Practica" time="4.928" classname="diaUno.practice"/>
</testsuite> <!-- Default test -->
