<?xml version="1.0" encoding="UTF-8"?>
<testng-results skipped="0" failed="0" ignored="0" total="3" passed="3">
  <reporter-output>
  </reporter-output>
  <suite name="Suite" duration-ms="30787" started-at="2020-01-22T02:32:07Z" finished-at="2020-01-22T02:32:38Z">
    <groups>
    </groups>
    <test name="Test" duration-ms="30787" started-at="2020-01-22T02:32:07Z" finished-at="2020-01-22T02:32:38Z">
      <class name="diaUno.practice">
        <test-method status="PASS" signature="setUp()[pri:0, instance:diaUno.practice@8b87145]" name="setUp" is-config="true" duration-ms="11400" started-at="2020-01-22T02:32:07Z" finished-at="2020-01-22T02:32:18Z">
          <reporter-output>
          </reporter-output>
        </test-method> <!-- setUp -->
        <test-method status="PASS" signature="Practica3()[pri:1, instance:diaUno.practice@8b87145]" name="Practica3" duration-ms="10967" started-at="2020-01-22T02:32:18Z" finished-at="2020-01-22T02:32:29Z">
          <reporter-output>
          </reporter-output>
        </test-method> <!-- Practica3 -->
        <test-method status="PASS" signature="Practica2()[pri:2, instance:diaUno.practice@8b87145]" name="Practica2" duration-ms="1244" started-at="2020-01-22T02:32:29Z" finished-at="2020-01-22T02:32:30Z">
          <reporter-output>
          </reporter-output>
        </test-method> <!-- Practica2 -->
        <test-method status="PASS" signature="Practica()[pri:3, instance:diaUno.practice@8b87145]" name="Practica" duration-ms="6325" started-at="2020-01-22T02:32:30Z" finished-at="2020-01-22T02:32:37Z">
          <reporter-output>
          </reporter-output>
        </test-method> <!-- Practica -->
        <test-method status="PASS" signature="tearDown()[pri:0, instance:diaUno.practice@8b87145]" name="tearDown" is-config="true" duration-ms="808" started-at="2020-01-22T02:32:37Z" finished-at="2020-01-22T02:32:38Z">
          <reporter-output>
          </reporter-output>
        </test-method> <!-- tearDown -->
      </class> <!-- diaUno.practice -->
    </test> <!-- Test -->
  </suite> <!-- Suite -->
</testng-results>
