<?xml version="1.0" encoding="UTF-8"?>
<testng-results skipped="0" failed="0" ignored="0" total="3" passed="3">
  <reporter-output>
  </reporter-output>
  <suite name="Default suite" duration-ms="29163" started-at="2020-01-21T18:57:48Z" finished-at="2020-01-21T18:58:17Z">
    <groups>
    </groups>
    <test name="Default test" duration-ms="29163" started-at="2020-01-21T18:57:48Z" finished-at="2020-01-21T18:58:17Z">
      <class name="diaUno.practice">
        <test-method status="PASS" signature="setUp()[pri:0, instance:diaUno.practice@14acaea5]" name="setUp" is-config="true" duration-ms="11425" started-at="2020-01-21T18:57:48Z" finished-at="2020-01-21T18:57:59Z">
          <reporter-output>
          </reporter-output>
        </test-method> <!-- setUp -->
        <test-method status="PASS" signature="Practica3()[pri:1, instance:diaUno.practice@14acaea5]" name="Practica3" duration-ms="10525" started-at="2020-01-21T18:57:59Z" finished-at="2020-01-21T18:58:10Z">
          <reporter-output>
          </reporter-output>
        </test-method> <!-- Practica3 -->
        <test-method status="PASS" signature="Practica2()[pri:2, instance:diaUno.practice@14acaea5]" name="Practica2" duration-ms="1308" started-at="2020-01-21T18:58:10Z" finished-at="2020-01-21T18:58:11Z">
          <reporter-output>
          </reporter-output>
        </test-method> <!-- Practica2 -->
        <test-method status="PASS" signature="Practica()[pri:3, instance:diaUno.practice@14acaea5]" name="Practica" duration-ms="4928" started-at="2020-01-21T18:58:11Z" finished-at="2020-01-21T18:58:16Z">
          <reporter-output>
          </reporter-output>
        </test-method> <!-- Practica -->
        <test-method status="PASS" signature="tearDown()[pri:0, instance:diaUno.practice@14acaea5]" name="tearDown" is-config="true" duration-ms="930" started-at="2020-01-21T18:58:16Z" finished-at="2020-01-21T18:58:17Z">
          <reporter-output>
          </reporter-output>
        </test-method> <!-- tearDown -->
      </class> <!-- diaUno.practice -->
    </test> <!-- Default test -->
  </suite> <!-- Default suite -->
</testng-results>
